<?xml version="1.0" encoding="UTF-8"?>
<testsuite xmlns:xsi="http://www.w3.org/2001/XMLSchema-instance" xsi:noNamespaceSchemaLocation="https://maven.apache.org/surefire/maven-failsafe-plugin/xsd/failsafe-test-report-3.0.xsd" version="3.0" name="User Registration" time="9.884" tests="1" errors="0" skipped="0" failures="0">
  <properties>
[...]
</properties>
  <testcase name="Successful registration with all required fields" classname="User Registration" time="9.884">
    <system-out><![CDATA[17:17:09.287 [pool-2-thread-1] INFO  i.c.core.plugin.SerenityReporter - Running feature from file:///D:/data/Documents/GitHub/registerPruebablossom/src/test/resources/features/register/register.feature

17:17:09.290 [pool-2-thread-1] WARN  i.c.core.plugin.SerenityReporter - Feature from file:///D:/data/Documents/GitHub/registerPruebablossom/src/test/resources/features/register/register.feature is not under the 'features' directory. Requirements report will not be correctly generated!

17:17:09.423 [pool-2-thread-1] INFO   - 

-------------------------------------------------------------------------------------
     _______. _______ .______       _______ .__   __.  __  .___________.____    ____ 
    /       ||   ____||   _  \     |   ____||  \ |  | |  | |           |\   \  /   / 
   |   (----`|  |__   |  |_)  |    |  |__   |   \|  | |  | `---|  |----` \   \/   /  
    \   \    |   __|  |      /     |   __|  |  . `  | |  |     |  |       \_    _/   
.----)   |   |  |____ |  |\  \----.|  |____ |  |\   | |  |     |  |         |  |     
|_______/    |_______|| _| `._____||_______||__| \__| |__|     |__|         |__|    
                                                                                     
 News and tutorials at http://www.serenity-bdd.info                                  
 Documentation at https://wakaleo.gitbooks.io/the-serenity-book/content/             
 Join the Serenity Community on Gitter: https://gitter.im/serenity-bdd/serenity-core 
 Serenity BDD Support and Training at http://serenity-bdd.info/#/trainingandsupport  
-------------------------------------------------------------------------------------


17:17:09.427 [pool-2-thread-1] INFO   - Test Suite Started: User Registration



1
 Scenarios (
&amp#27;[32m1 passed&amp#27;[0m
)


9
 Steps (
&amp#27;[32m9 passed&amp#27;[0m
)


0m
10,044s







Scenario Outline: Successful registration with all required fields                                                                      &amp#27;[90m# src/test/resources/features/register/register.feature:18&amp#27;[0m
17:17:09.544 [pool-2-thread-1] INFO  i.c.core.plugin.SerenityReporter - Running feature from file:///D:/data/Documents/GitHub/registerPruebablossom/src/test/resources/features/register/register.feature
17:17:09.544 [pool-2-thread-1] WARN  i.c.core.plugin.SerenityReporter - Feature from file:///D:/data/Documents/GitHub/registerPruebablossom/src/test/resources/features/register/register.feature is not under the 'features' directory. Requirements report will not be correctly generated!
17:17:09.612 [pool-2-thread-1] INFO   - 
 _____ _____ ____ _____   ____ _____  _    ____ _____ _____ ____  
|_   _| ____/ ___|_   _| / ___|_   _|/ \  |  _ \_   _| ____|  _ \ 
  | | |  _| \___ \ | |   \___ \ | | / _ \ | |_) || | |  _| | | | |
  | | | |___ ___) || |    ___) || |/ ___ \|  _ < | | | |___| |_| |
  |_| |_____|____/ |_|   |____/ |_/_/   \_\_| \_\|_| |_____|____/ 

Successful registration with all required fields(user-registration;successful-registration-with-all-required-fields)
-------------------------------------------------------------------
17:17:09.982 [pool-2-thread-1] INFO  n.s.c.w.d.ChromeDriverProvider - Using automatically driver download
17:17:10.203 [pool-2-thread-1] INFO  i.g.bonigarcia.wdm.WebDriverManager - Using chromedriver 114.0.5735.90 (since Chrome 114 is installed in your machine)
17:17:10.206 [pool-2-thread-1] INFO  i.g.bonigarcia.wdm.WebDriverManager - Exporting webdriver.chrome.driver as C:\Users\japar\.m2\repository\webdriver\chromedriver\win32\114.0.5735.90\chromedriver.exe
17:17:10.550 [pool-2-thread-1] INFO  n.s.c.w.d.ProvideNewDriver - Instantiating driver
17:17:10.553 [pool-2-thread-1] INFO  n.s.c.w.d.ProvideNewDriver - Driver capabilities: Capabilities {acceptInsecureCerts: false, browserName: chrome, goog:chromeOptions: {args: [], extensions: []}, loggingPrefs: org.openqa.selenium.logging...}
  &amp#27;[32mGiven &amp#27;[0m&amp#27;[32mJhon is on the registration page&amp#27;[0m                                                                                                &amp#27;[90m# com.jandrespardos.registerBlossom.steps.RegistrationStepdefs.jhon_is_on_the_registration_page()&amp#27;[0m
  &amp#27;[32mWhen &amp#27;[0m&amp#27;[32mJhon enters his first name as &amp#27;[0m&amp#27;[32m&amp#27;[1m"John"&amp#27;[0m&amp#27;[32m and his last name as &amp#27;[0m&amp#27;[32m&amp#27;[1m"Doe"&amp#27;[0m&amp#27;[32m and his address as &amp#27;[0m&amp#27;[32m&amp#27;[1m"123 Main St"&amp#27;[0m                                 &amp#27;[90m# com.jandrespardos.registerBlossom.steps.RegistrationStepdefs.jhonEntersHisFirstNameAsAndHisLastNameAsAndHisAddressAs(java.lang.String,java.lang.String,java.lang.String)&amp#27;[0m
  &amp#27;[32mAnd &amp#27;[0m&amp#27;[32mJhon enters his city as &amp#27;[0m&amp#27;[32m&amp#27;[1m"Miami"&amp#27;[0m&amp#27;[32m and his state as &amp#27;[0m&amp#27;[32m&amp#27;[1m"FL"&amp#27;[0m&amp#27;[32m and his zip code as &amp#27;[0m&amp#27;[32m&amp#27;[1m"12345"&amp#27;[0m                                                 &amp#27;[90m# com.jandrespardos.registerBlossom.steps.RegistrationStepdefs.jhonEntersHisCityAsAndHisStateAsAndHisZipCodeAs(java.lang.String,java.lang.String,java.lang.String)&amp#27;[0m
  &amp#27;[32mAnd &amp#27;[0m&amp#27;[32mJhon enters his phone number as &amp#27;[0m&amp#27;[32m&amp#27;[1m"1234567890"&amp#27;[0m                                                                                      &amp#27;[90m# com.jandrespardos.registerBlossom.steps.RegistrationStepdefs.jhonEntersHisPhoneNumberAs(java.lang.String)&amp#27;[0m
  &amp#27;[32mAnd &amp#27;[0m&amp#27;[32mJhon enters his SSN as &amp#27;[0m&amp#27;[32m&amp#27;[1m"3123456789"&amp#27;[0m                                                                                               &amp#27;[90m# com.jandrespardos.registerBlossom.steps.RegistrationStepdefs.jhonEntersHisSSNAs(java.lang.String)&amp#27;[0m
  &amp#27;[32mAnd &amp#27;[0m&amp#27;[32mJhon enters his username as &amp#27;[0m&amp#27;[32m&amp#27;[1m"JohnDoe4"&amp#27;[0m&amp#27;[32m with random number , his password as &amp#27;[0m&amp#27;[32m&amp#27;[1m"mypassword"&amp#27;[0m&amp#27;[32m and his confirm password as &amp#27;[0m&amp#27;[32m&amp#27;[1m"mypassword"&amp#27;[0m &amp#27;[90m# com.jandrespardos.registerBlossom.steps.RegistrationStepdefs.jhonEntersHisUsernameAsWithRandomNumberHisPasswordAsAndHisConfirmPasswordAs(java.lang.String,java.lang.String,java.lang.String)&amp#27;[0m
  &amp#27;[32mAnd &amp#27;[0m&amp#27;[32mJhon clicks on the register button&amp#27;[0m                                                                                                &amp#27;[90m# com.jandrespardos.registerBlossom.steps.RegistrationStepdefs.jhonClicksOnTheRegisterButton()&amp#27;[0m
  &amp#27;[32mThen &amp#27;[0m&amp#27;[32mJhon should see a registration success message&amp#27;[0m                                                                                   &amp#27;[90m# com.jandrespardos.registerBlossom.steps.RegistrationStepdefs.jhonShouldSeeARegistrationSuccessMessage()&amp#27;[0m
  &amp#27;[32mThen &amp#27;[0m&amp#27;[32mJhon takes a screenshot of the registration success message&amp#27;[0m                                                                      &amp#27;[90m# com.jandrespardos.registerBlossom.steps.RegistrationStepdefs.jhonTakesAScreenshotOfTheRegistrationSuccessMessage()&amp#27;[0m
17:17:19.324 [pool-2-thread-1] INFO   - 
        __    _____ _____ ____ _____   ____   _    ____  ____  _____ ____  
  _     \ \  |_   _| ____/ ___|_   _| |  _ \ / \  / ___|/ ___|| ____|  _ \ 
 (_)_____| |   | | |  _| \___ \ | |   | |_) / _ \ \___ \\___ \|  _| | | | |
  _|_____| |   | | | |___ ___) || |   |  __/ ___ \ ___) |___) | |___| |_| |
 (_)     | |   |_| |_____|____/ |_|   |_| /_/   \_\____/|____/|_____|____/ 
        /_/                                                                

Successful registration with all required fields
----------------------------------------------------------------------------
]]></system-out>
    <system-err><![CDATA[Starting ChromeDriver 114.0.5735.90 (386bc09e8f4f2e025eddae123f36f6263096ae49-refs/branch-heads/5735@{#1052}) on port 55288
Only local connections are allowed.
Please see https://chromedriver.chromium.org/security-considerations for suggestions on keeping ChromeDriver safe.
ChromeDriver was started successfully.
jun. 24, 2023 5:17:11 P. M. org.openqa.selenium.remote.ProtocolHandshake createSession
INFORMACIÓN: Detected dialect: W3C
]]></system-err>
  </testcase>
</testsuite>